2020-01-19 19:51:32,698 [main] INFO  marytts.main Mary starting up...
2020-01-19 19:51:32,708 [main] INFO  marytts.main Specification version 5.2
2020-01-19 19:51:32,708 [main] INFO  marytts.main Implementation version unknown
2020-01-19 19:51:32,708 [main] INFO  marytts.main Running on a Java 1.8.0_221 implementation by Oracle Corporation, on a Windows 10 platform (amd64, 10.0)
2020-01-19 19:51:32,871 [main] INFO  marytts.ModuleRegistry Now initiating mary module 'marytts.language.en.JTokeniser'
2020-01-19 19:51:32,877 [main] INFO  marytts.ModuleRegistry Now initiating mary module 'marytts.language.en.Preprocess'
2020-01-19 19:51:33,114 [main] INFO  marytts.ModuleRegistry Now initiating mary module 'marytts.modules.JPhonemiser(en_US.)'
2020-01-19 19:51:33,114 [main] INFO  marytts.JPhonemiser User dictionary '.\user-dictionaries\userdict-en_US.txt' for locale 'en_US' does not exist. Ignoring.
2020-01-19 19:51:33,187 [main] INFO  marytts.ModuleRegistry Now initiating mary module 'marytts.modules.JPhonemiser(en_GB.)'
2020-01-19 19:51:33,187 [main] INFO  marytts.JPhonemiser User dictionary '.\user-dictionaries\userdict-en_GB.txt' for locale 'en_GB' does not exist. Ignoring.
2020-01-19 19:51:33,234 [main] INFO  marytts.ModuleRegistry Now initiating mary module 'marytts.language.en.Prosody'
2020-01-19 19:51:33,249 [main] INFO  marytts.ModuleRegistry Now initiating mary module 'marytts.modules.SimplePhoneme2AP(en_US)'
2020-01-19 19:51:33,249 [main] INFO  marytts.ModuleRegistry Now initiating mary module 'marytts.language.en.PronunciationModel'
2020-01-19 19:51:33,249 [main] INFO  marytts.ModuleRegistry Now initiating mary module 'marytts.modules.OpenNLPPosTagger(en,en.pos)'
2020-01-19 19:51:33,249 [main] INFO  marytts.ModuleRegistry Now initiating mary module 'marytts.modules.Synthesis'
2020-01-19 19:51:33,249 [main] INFO  marytts.ModuleRegistry Now initiating mary module 'marytts.modules.TextToMaryXML'
2020-01-19 19:51:33,265 [main] INFO  marytts.ModuleRegistry Now initiating mary module 'marytts.modules.SableParser'
2020-01-19 19:51:33,265 [main] INFO  marytts.ModuleRegistry Now initiating mary module 'marytts.modules.SSMLParser'
2020-01-19 19:51:33,265 [main] INFO  marytts.ModuleRegistry Now initiating mary module 'marytts.modules.APMLParser'
2020-01-19 19:51:33,265 [main] INFO  marytts.ModuleRegistry Now initiating mary module 'marytts.modules.EmotionmlParser'
2020-01-19 19:51:33,265 [main] INFO  marytts.ModuleRegistry Now initiating mary module 'marytts.modules.JTokeniser'
2020-01-19 19:51:33,265 [main] INFO  marytts.ModuleRegistry Now initiating mary module 'marytts.modules.DummyTokens2Words'
2020-01-19 19:51:33,265 [main] INFO  marytts.ModuleRegistry Now initiating mary module 'marytts.modules.ProsodyGeneric'
2020-01-19 19:51:33,265 [main] INFO  marytts.ModuleRegistry Now initiating mary module 'marytts.modules.PronunciationModel'
2020-01-19 19:51:33,265 [main] INFO  marytts.ModuleRegistry Now initiating mary module 'marytts.modules.TargetFeatureLister'
2020-01-19 19:51:33,265 [main] INFO  marytts.ModuleRegistry Now initiating mary module 'marytts.modules.HalfPhoneTargetFeatureLister'
2020-01-19 19:51:33,265 [main] INFO  marytts.ModuleRegistry Now initiating mary module 'marytts.modules.AcousticModeller'
2020-01-19 19:51:33,265 [main] INFO  marytts.ModuleRegistry Now initiating mary module 'marytts.modules.RealisedAcoustparamsExtractor'
2020-01-19 19:51:33,265 [main] INFO  marytts.ModuleRegistry Now initiating mary module 'marytts.modules.RealisedDurationsExtractor'
2020-01-19 19:51:33,265 [main] INFO  marytts.ModuleRegistry Now initiating mary module 'marytts.modules.HTSEngine'
2020-01-19 19:51:33,265 [main] INFO  marytts.ModuleRegistry Now initiating mary module 'marytts.modules.PraatTextGridGenerator'
2020-01-19 19:51:33,280 [main] INFO  marytts.JTokeniser Module started (RAWMARYXML->TOKENS, locale en).
2020-01-19 19:51:33,390 [main] INFO  marytts.JTokeniser Starting power-on self test.
2020-01-19 19:51:33,390 [main] INFO  marytts.JTokeniser Power-on self test complete.
2020-01-19 19:51:33,390 [main] INFO  marytts.Preprocess Module started (TOKENS->WORDS, locale en).
2020-01-19 19:51:33,390 [main] INFO  marytts.Preprocess Starting power-on self test.
2020-01-19 19:51:33,390 [main] INFO  marytts.Preprocess Power-on self test complete.
2020-01-19 19:51:33,390 [main] INFO  marytts.JPhonemiser Module started (PARTSOFSPEECH->PHONEMES, locale en_US).
2020-01-19 19:51:33,405 [main] INFO  marytts.JPhonemiser Starting power-on self test.
2020-01-19 19:51:33,405 [main] INFO  marytts.JPhonemiser Power-on self test complete.
2020-01-19 19:51:33,405 [main] INFO  marytts.JPhonemiser Module started (PARTSOFSPEECH->PHONEMES, locale en_GB).
2020-01-19 19:51:33,405 [main] INFO  marytts.JPhonemiser Starting power-on self test.
2020-01-19 19:51:33,405 [main] INFO  marytts.JPhonemiser Power-on self test complete.
2020-01-19 19:51:33,405 [main] INFO  marytts.Prosody Module started (PHONEMES->INTONATION, locale en).
2020-01-19 19:51:33,405 [main] INFO  marytts.Prosody Starting power-on self test.
2020-01-19 19:51:33,405 [main] INFO  marytts.Prosody Power-on self test complete.
2020-01-19 19:51:33,405 [main] INFO  marytts.SimplePhoneme2AP Module started (SIMPLEPHONEMES->ACOUSTPARAMS, locale en_US).
2020-01-19 19:51:33,405 [main] INFO  marytts.SimplePhoneme2AP Starting power-on self test.
2020-01-19 19:51:33,421 [main] INFO  marytts.SimplePhoneme2AP Power-on self test complete.
2020-01-19 19:51:33,421 [main] INFO  marytts.PronunciationModel Module started (INTONATION->ALLOPHONES, locale en).
2020-01-19 19:51:33,421 [main] INFO  marytts.PronunciationModel Starting power-on self test.
2020-01-19 19:51:33,421 [main] INFO  marytts.PronunciationModel Power-on self test complete.
2020-01-19 19:51:33,421 [main] INFO  marytts.OpenNLPPosTagger Module started (WORDS->PARTSOFSPEECH, locale en).
2020-01-19 19:51:34,301 [main] INFO  marytts.OpenNLPPosTagger Starting power-on self test.
2020-01-19 19:51:34,301 [main] INFO  marytts.OpenNLPPosTagger Power-on self test complete.
2020-01-19 19:51:34,304 [main] INFO  marytts.UnitSelectionSynthesizer started.
2020-01-19 19:51:34,305 [main] INFO  marytts.TargetFeatureLister Module started (ACOUSTPARAMS->TARGETFEATURES, locale null).
2020-01-19 19:51:34,306 [main] INFO  marytts.HTSEngine Module started (TARGETFEATURES->AUDIO, locale null).
2020-01-19 19:51:34,386 [main] INFO  marytts.HMMData Loading Tree Set in CARTs:
2020-01-19 19:51:34,430 [main] INFO  marytts.HMMData Loading GV Model Set:
2020-01-19 19:51:34,574 [main] INFO  marytts.Voice Registering voice `cmu-rms-hsmm': male, locale en_US
2020-01-19 19:51:34,575 [main] INFO  marytts.Voice New default voice for locale en_US: cmu-rms-hsmm (desire 0)
2020-01-19 19:51:34,575 [main] INFO  marytts.HMMSynthesizer started.
2020-01-19 19:51:34,575 [main] INFO  marytts.Synthesis Module started (ACOUSTPARAMS->AUDIO, locale null).
2020-01-19 19:51:34,575 [main] INFO  marytts.HMMSynthesizer Starting power-on self test.
2020-01-19 19:51:34,588 [main] INFO  marytts.HTSEngine Using prosody from acoustparams.
2020-01-19 19:51:34,590 [main] INFO  marytts.HTSEngine Number of models in sentence numModel=7  Total number of states numState=35
2020-01-19 19:51:34,590 [main] INFO  marytts.HTSEngine Total number of frames=148  Number of voiced frames=85
2020-01-19 19:51:34,593 [main] INFO  marytts.ParameterGeneration Parameter generation for MGC: 
2020-01-19 19:51:34,594 [main] INFO  marytts.PStream Global variance optimization
2020-01-19 19:51:34,602 [main] INFO  marytts.PStream Gradient GV optimization for feature: (0)  number of iterations=168
2020-01-19 19:51:34,603 [main] INFO  marytts.PStream Gradient GV optimization for feature: (1)  number of iterations=42
2020-01-19 19:51:34,604 [main] INFO  marytts.PStream Gradient GV optimization for feature: (2)  number of iterations=60
2020-01-19 19:51:34,606 [main] INFO  marytts.PStream Gradient GV optimization for feature: (3)  number of iterations=126
2020-01-19 19:51:34,607 [main] INFO  marytts.PStream Gradient GV optimization for feature: (4)  number of iterations=12
2020-01-19 19:51:34,608 [main] INFO  marytts.PStream Gradient GV optimization for feature: (5)  number of iterations=5
2020-01-19 19:51:34,609 [main] INFO  marytts.PStream Gradient GV optimization for feature: (6)  number of iterations=73
2020-01-19 19:51:34,610 [main] INFO  marytts.PStream Gradient GV optimization for feature: (7)  number of iterations=46
2020-01-19 19:51:34,611 [main] INFO  marytts.PStream Gradient GV optimization for feature: (8)  number of iterations=53
2020-01-19 19:51:34,611 [main] INFO  marytts.PStream Gradient GV optimization for feature: (9)  number of iterations=13
2020-01-19 19:51:34,613 [main] INFO  marytts.PStream Gradient GV optimization for feature: (10)  number of iterations=80
2020-01-19 19:51:34,613 [main] INFO  marytts.PStream Gradient GV optimization for feature: (11)  number of iterations=10
2020-01-19 19:51:34,614 [main] INFO  marytts.PStream Gradient GV optimization for feature: (12)  number of iterations=87
2020-01-19 19:51:34,615 [main] INFO  marytts.PStream Gradient GV optimization for feature: (13)  number of iterations=76
2020-01-19 19:51:34,616 [main] INFO  marytts.PStream Gradient GV optimization for feature: (14)  number of iterations=108
2020-01-19 19:51:34,617 [main] INFO  marytts.PStream Gradient GV optimization for feature: (15)  number of iterations=13
2020-01-19 19:51:34,618 [main] INFO  marytts.PStream Gradient GV optimization for feature: (16)  number of iterations=53
2020-01-19 19:51:34,619 [main] INFO  marytts.PStream Gradient GV optimization for feature: (17)  number of iterations=83
2020-01-19 19:51:34,619 [main] INFO  marytts.PStream Gradient GV optimization for feature: (18)  number of iterations=1
2020-01-19 19:51:34,619 [main] INFO  marytts.PStream Gradient GV optimization for feature: (19)  number of iterations=59
2020-01-19 19:51:34,621 [main] INFO  marytts.PStream Gradient GV optimization for feature: (20)  number of iterations=120
2020-01-19 19:51:34,621 [main] INFO  marytts.PStream Gradient GV optimization for feature: (21)  number of iterations=9
2020-01-19 19:51:34,622 [main] INFO  marytts.PStream Gradient GV optimization for feature: (22)  number of iterations=67
2020-01-19 19:51:34,623 [main] INFO  marytts.PStream Gradient GV optimization for feature: (23)  number of iterations=76
2020-01-19 19:51:34,624 [main] INFO  marytts.PStream Gradient GV optimization for feature: (24)  number of iterations=187
2020-01-19 19:51:34,624 [main] INFO  marytts.ParameterGeneration Using f0 from maryXML acoustparams
2020-01-19 19:51:34,626 [main] INFO  marytts.PStream Global variance optimization
2020-01-19 19:51:34,627 [main] INFO  marytts.PStream Gradient GV optimization for feature: (0)  number of iterations=90
2020-01-19 19:51:34,627 [main] INFO  marytts.PStream Gradient GV optimization for feature: (1)  number of iterations=2
2020-01-19 19:51:34,627 [main] INFO  marytts.PStream Gradient GV optimization for feature: (2)  number of iterations=19
2020-01-19 19:51:34,627 [main] INFO  marytts.PStream Gradient GV optimization for feature: (3)  number of iterations=34
2020-01-19 19:51:34,628 [main] INFO  marytts.PStream Gradient GV optimization for feature: (4)  number of iterations=3
2020-01-19 19:51:34,637 [main] INFO  marytts.HMMSynthesizer Power-on self test complete.
2020-01-19 19:51:34,638 [main] INFO  marytts.TextToMaryXML Module started (TEXT->RAWMARYXML, locale null).
2020-01-19 19:51:34,638 [main] INFO  marytts.TextToMaryXML Starting power-on self test.
2020-01-19 19:51:34,639 [main] WARN  marytts.TextToMaryXML Locale is null, overriding with en_US
2020-01-19 19:51:34,639 [main] WARN  marytts.TextToMaryXML Locale is null, overriding with en_US
2020-01-19 19:51:34,639 [main] INFO  marytts.TextToMaryXML Power-on self test complete.
2020-01-19 19:51:34,897 [main] INFO  marytts.SableParser Module started (SABLE->RAWMARYXML, locale null).
2020-01-19 19:51:34,897 [main] INFO  marytts.SableParser Starting power-on self test.
2020-01-19 19:51:34,898 [main] INFO  marytts.SableParser Power-on self test complete.
2020-01-19 19:51:34,948 [main] INFO  marytts.SSMLParser Module started (SSML->RAWMARYXML, locale null).
2020-01-19 19:51:34,948 [main] INFO  marytts.SSMLParser Starting power-on self test.
2020-01-19 19:51:34,948 [main] INFO  marytts.SSMLParser Power-on self test complete.
2020-01-19 19:51:35,007 [main] INFO  marytts.APMLParser Module started (APML->RAWMARYXML, locale null).
2020-01-19 19:51:35,007 [main] INFO  marytts.APMLParser Starting power-on self test.
2020-01-19 19:51:35,007 [main] INFO  marytts.APMLParser Power-on self test complete.
2020-01-19 19:51:35,067 [main] INFO  marytts.EmotionmlParser Module started (EMOTIONML->RAWMARYXML, locale null).
2020-01-19 19:51:35,067 [main] INFO  marytts.EmotionmlParser Starting power-on self test.
2020-01-19 19:51:35,068 [main] INFO  marytts.EmotionmlParser Power-on self test complete.
2020-01-19 19:51:35,068 [main] INFO  marytts.JTokeniser Module started (RAWMARYXML->TOKENS, locale null).
2020-01-19 19:51:35,111 [main] INFO  marytts.JTokeniser Starting power-on self test.
2020-01-19 19:51:35,113 [main] INFO  marytts.JTokeniser Power-on self test complete.
2020-01-19 19:51:35,113 [main] INFO  marytts.DummyTokens2Words Module started (TOKENS->WORDS, locale null).
2020-01-19 19:51:35,113 [main] INFO  marytts.DummyTokens2Words Starting power-on self test.
2020-01-19 19:51:35,113 [main] INFO  marytts.DummyTokens2Words Power-on self test complete.
2020-01-19 19:51:35,116 [main] INFO  marytts.Prosody Module started (PHONEMES->INTONATION, locale null).
2020-01-19 19:51:35,116 [main] INFO  marytts.Prosody Starting power-on self test.
2020-01-19 19:51:35,116 [main] INFO  marytts.Prosody Power-on self test complete.
2020-01-19 19:51:35,116 [main] INFO  marytts.PronunciationModel Module started (INTONATION->ALLOPHONES, locale null).
2020-01-19 19:51:35,116 [main] INFO  marytts.PronunciationModel Starting power-on self test.
2020-01-19 19:51:35,116 [main] INFO  marytts.PronunciationModel Power-on self test complete.
2020-01-19 19:51:35,116 [main] INFO  marytts.TargetFeatureLister Starting power-on self test.
2020-01-19 19:51:35,116 [main] INFO  marytts.TargetFeatureLister Power-on self test complete.
2020-01-19 19:51:35,116 [main] INFO  marytts.TargetFeatureLister Module started (ACOUSTPARAMS->HALFPHONE_TARGETFEATURES, locale null).
2020-01-19 19:51:35,116 [main] INFO  marytts.TargetFeatureLister Starting power-on self test.
2020-01-19 19:51:35,116 [main] INFO  marytts.TargetFeatureLister Power-on self test complete.
2020-01-19 19:51:35,116 [main] INFO  marytts.AcousticModeller Module started (ALLOPHONES->ACOUSTPARAMS, locale null).
2020-01-19 19:51:35,116 [main] INFO  marytts.AcousticModeller Starting power-on self test.
2020-01-19 19:51:35,116 [main] INFO  marytts.AcousticModeller Power-on self test complete.
2020-01-19 19:51:35,116 [main] INFO  marytts.Realised acoustparams extractor Module started (AUDIO->REALISED_ACOUSTPARAMS, locale null).
2020-01-19 19:51:35,117 [main] INFO  marytts.Realised acoustparams extractor Starting power-on self test.
2020-01-19 19:51:35,117 [main] INFO  marytts.Realised acoustparams extractor Power-on self test complete.
2020-01-19 19:51:35,117 [main] INFO  marytts.Realised durations extractor Module started (AUDIO->REALISED_DURATIONS, locale null).
2020-01-19 19:51:35,117 [main] INFO  marytts.Realised durations extractor Starting power-on self test.
2020-01-19 19:51:35,117 [main] INFO  marytts.Realised durations extractor Power-on self test complete.
2020-01-19 19:51:35,118 [main] INFO  marytts.Praat TextGrid generator Module started (REALISED_ACOUSTPARAMS->PRAAT_TEXTGRID, locale null).
2020-01-19 19:51:35,118 [main] INFO  marytts.Praat TextGrid generator Starting power-on self test.
2020-01-19 19:51:35,118 [main] INFO  marytts.Praat TextGrid generator Power-on self test complete.
2020-01-19 19:51:35,118 [main] INFO  marytts.main Startup complete.
